2022-04-13 22:54:51.966 [main] INFO  calculator.Calculator - [SQ ROOT] - 3.0
2022-04-13 22:54:52.000 [main] INFO  calculator.Calculator - [RESULT - SQ ROOT] - 1.7320508075688772
2022-04-13 22:54:52.001 [main] INFO  calculator.Calculator - [SQ ROOT] - 4.0
2022-04-13 22:54:52.003 [main] INFO  calculator.Calculator - [RESULT - SQ ROOT] - 2.0
2022-04-13 22:54:52.025 [main] INFO  calculator.Calculator - [NATURAL LOG] - 1.0
2022-04-13 22:54:52.026 [main] INFO  calculator.Calculator - [RESULT - NATURAL LOG] - 0.0
2022-04-13 22:54:52.030 [main] INFO  calculator.Calculator - [NATURAL LOG] - 1.0
2022-04-13 22:54:52.030 [main] INFO  calculator.Calculator - [RESULT - NATURAL LOG] - 0.0
2022-04-13 22:54:52.032 [main] INFO  calculator.Calculator - [POWER - 2.0 RAISED TO] 2.0
2022-04-13 22:54:52.032 [main] INFO  calculator.Calculator - [RESULT - POWER] - 4.0
2022-04-13 22:54:52.033 [main] INFO  calculator.Calculator - [POWER - 2.0 RAISED TO] 3.0
2022-04-13 22:54:52.033 [main] INFO  calculator.Calculator - [RESULT - POWER] - 8.0
2022-04-13 22:54:52.034 [main] INFO  calculator.Calculator - [POWER - 2.0 RAISED TO] 3.0
2022-04-13 22:54:52.044 [main] INFO  calculator.Calculator - [RESULT - POWER] - 8.0
2022-04-13 22:54:52.045 [main] INFO  calculator.Calculator - [POWER - 4.0 RAISED TO] 3.0
2022-04-13 22:54:52.049 [main] INFO  calculator.Calculator - [RESULT - POWER] - 64.0
2022-04-13 22:54:52.050 [main] INFO  calculator.Calculator - [NATURAL LOG] - 2.4
2022-04-13 22:54:52.050 [main] INFO  calculator.Calculator - [RESULT - NATURAL LOG] - 0.8754687373538999
2022-04-13 22:54:52.054 [main] INFO  calculator.Calculator - [NATURAL LOG] - 2.1
2022-04-13 22:54:52.055 [main] INFO  calculator.Calculator - [RESULT - NATURAL LOG] - 0.7419373447293773
2022-04-13 22:54:52.057 [main] INFO  calculator.Calculator - [SQ ROOT] - 4.0
2022-04-13 22:54:52.057 [main] INFO  calculator.Calculator - [RESULT - SQ ROOT] - 2.0
2022-04-13 22:54:52.059 [main] INFO  calculator.Calculator - [SQ ROOT] - 1.0
2022-04-13 22:54:52.059 [main] INFO  calculator.Calculator - [RESULT - SQ ROOT] - 1.0
